<?xml version="1.0" encoding="UTF-8"?>
<coverage generated="1786382105562" clover="3.2.0">
  <project timestamp="1786382105562" name="All files">
    <metrics statements="119" coveredstatements="118" conditionals="70" coveredconditionals="69" methods="48" coveredmethods="48" elements="237" coveredelements="235" complexity="0" loc="119" ncloc="119" packages="1" files="3" classes="3"/>
    <file name="api.js" path="/home/hrh/Documents/AmaliTech/Apprenticeship/labs/jsfullstack/FEM07-Testing-Basics/src/api.js">
      <metrics statements="43" coveredstatements="42" conditionals="10" coveredconditionals="9" methods="11" coveredmethods="11"/>
      <line num="11" count="2" type="stmt"/>
      <line num="16" count="14" type="stmt"/>
      <line num="17" count="14" type="stmt"/>
      <line num="18" count="14" type="stmt"/>
      <line num="19" count="14" type="stmt"/>
      <line num="28" count="22" type="stmt"/>
      <line num="30" count="22" type="stmt"/>
      <line num="38" count="24" type="stmt"/>
      <line num="41" count="24" type="cond" truecount="2" falsecount="0"/>
      <line num="42" count="1" type="stmt"/>
      <line num="46" count="23" type="stmt"/>
      <line num="47" count="23" type="stmt"/>
      <line num="50" count="4" type="stmt"/>
      <line num="55" count="19" type="cond" truecount="2" falsecount="0"/>
      <line num="56" count="5" type="stmt"/>
      <line num="63" count="14" type="stmt"/>
      <line num="64" count="14" type="stmt"/>
      <line num="66" count="1" type="stmt"/>
      <line num="71" count="13" type="stmt"/>
      <line num="72" count="13" type="stmt"/>
      <line num="77" count="2" type="stmt"/>
      <line num="79" count="2" type="cond" truecount="2" falsecount="0"/>
      <line num="80" count="1" type="stmt"/>
      <line num="85" count="1" type="stmt"/>
      <line num="88" count="1" type="stmt"/>
      <line num="89" count="1" type="stmt"/>
      <line num="95" count="12" type="stmt"/>
      <line num="96" count="12" type="stmt"/>
      <line num="98" count="4" type="stmt"/>
      <line num="99" count="4" type="stmt"/>
      <line num="105" count="6" type="stmt"/>
      <line num="106" count="6" type="stmt"/>
      <line num="108" count="2" type="stmt"/>
      <line num="109" count="2" type="stmt"/>
      <line num="115" count="3" type="stmt"/>
      <line num="116" count="3" type="stmt"/>
      <line num="118" count="1" type="stmt"/>
      <line num="119" count="1" type="stmt"/>
      <line num="128" count="2" type="stmt"/>
      <line num="129" count="2" type="stmt"/>
      <line num="130" count="2" type="stmt"/>
      <line num="132" count="0" type="stmt"/>
      <line num="138" count="1" type="stmt"/>
    </file>
    <file name="models.js" path="/home/hrh/Documents/AmaliTech/Apprenticeship/labs/jsfullstack/FEM07-Testing-Basics/src/models.js">
      <metrics statements="30" coveredstatements="30" conditionals="21" coveredconditionals="21" methods="16" coveredmethods="16"/>
      <line num="20" count="178" type="stmt"/>
      <line num="21" count="178" type="stmt"/>
      <line num="22" count="178" type="stmt"/>
      <line num="23" count="178" type="stmt"/>
      <line num="28" count="7" type="stmt"/>
      <line num="29" count="7" type="stmt"/>
      <line num="37" count="19" type="stmt"/>
      <line num="42" count="10" type="cond" truecount="2" falsecount="0"/>
      <line num="47" count="4" type="stmt"/>
      <line num="59" count="71" type="stmt"/>
      <line num="60" count="71" type="stmt"/>
      <line num="61" count="71" type="cond" truecount="2" falsecount="0"/>
      <line num="66" count="23" type="cond" truecount="4" falsecount="0"/>
      <line num="67" count="17" type="stmt"/>
      <line num="72" count="6" type="stmt"/>
      <line num="73" count="6" type="cond" truecount="2" falsecount="0"/>
      <line num="74" count="5" type="stmt"/>
      <line num="78" count="2" type="cond" truecount="2" falsecount="0"/>
      <line num="79" count="2" type="stmt"/>
      <line num="93" count="22" type="stmt"/>
      <line num="94" count="22" type="stmt"/>
      <line num="95" count="22" type="stmt"/>
      <line num="96" count="22" type="stmt"/>
      <line num="101" count="11" type="stmt"/>
      <line num="102" count="11" type="stmt"/>
      <line num="107" count="8" type="cond" truecount="2" falsecount="0"/>
      <line num="108" count="9" type="cond" truecount="2" falsecount="0"/>
      <line num="109" count="5" type="stmt"/>
      <line num="114" count="5" type="stmt"/>
      <line num="119" count="2" type="stmt"/>
    </file>
    <file name="taskProcessor.js" path="/home/hrh/Documents/AmaliTech/Apprenticeship/labs/jsfullstack/FEM07-Testing-Basics/src/taskProcessor.js">
      <metrics statements="46" coveredstatements="46" conditionals="39" coveredconditionals="39" methods="21" coveredmethods="21"/>
      <line num="16" count="3" type="cond" truecount="1" falsecount="0"/>
      <line num="17" count="13" type="stmt"/>
      <line num="18" count="60" type="cond" truecount="2" falsecount="0"/>
      <line num="20" count="28" type="stmt"/>
      <line num="21" count="28" type="stmt"/>
      <line num="22" count="28" type="cond" truecount="4" falsecount="0"/>
      <line num="23" count="28" type="stmt"/>
      <line num="25" count="32" type="stmt"/>
      <line num="29" count="3" type="cond" truecount="1" falsecount="0"/>
      <line num="30" count="8" type="stmt"/>
      <line num="33" count="4" type="stmt"/>
      <line num="36" count="3" type="stmt"/>
      <line num="37" count="9" type="stmt"/>
      <line num="40" count="12" type="stmt"/>
      <line num="43" count="3" type="cond" truecount="1" falsecount="0"/>
      <line num="44" count="7" type="stmt"/>
      <line num="45" count="7" type="cond" truecount="2" falsecount="0"/>
      <line num="46" count="11" type="stmt"/>
      <line num="53" count="3" type="stmt"/>
      <line num="54" count="7" type="stmt"/>
      <line num="56" count="18" type="stmt"/>
      <line num="57" count="18" type="cond" truecount="2" falsecount="0"/>
      <line num="58" count="13" type="stmt"/>
      <line num="59" count="18" type="cond" truecount="2" falsecount="0"/>
      <line num="61" count="18" type="cond" truecount="2" falsecount="0"/>
      <line num="62" count="6" type="cond" truecount="2" falsecount="0"/>
      <line num="64" count="18" type="stmt"/>
      <line num="69" count="7" type="stmt"/>
      <line num="76" count="3" type="stmt"/>
      <line num="77" count="7" type="stmt"/>
      <line num="78" count="7" type="stmt"/>
      <line num="79" count="27" type="cond" truecount="2" falsecount="0"/>
      <line num="80" count="27" type="stmt"/>
      <line num="81" count="27" type="stmt"/>
      <line num="83" count="7" type="stmt"/>
      <line num="87" count="3" type="stmt"/>
      <line num="88" count="4" type="stmt"/>
      <line num="91" count="3" type="cond" truecount="3" falsecount="0"/>
      <line num="92" count="8" type="stmt"/>
      <line num="93" count="19" type="cond" truecount="2" falsecount="0"/>
      <line num="94" count="19" type="cond" truecount="2" falsecount="0"/>
      <line num="95" count="19" type="cond" truecount="4" falsecount="0"/>
      <line num="96" count="9" type="cond" truecount="4" falsecount="0"/>
      <line num="97" count="1" type="stmt"/>
      <line num="99" count="8" type="stmt"/>
      <line num="103" count="3" type="cond" truecount="1" falsecount="0"/>
    </file>
  </project>
</coverage>
