{"/home/hrh/Documents/AmaliTech/Apprenticeship/labs/jsfullstack/FEM07-Testing-Basics/src/api.js": {"path":"/home/hrh/Documents/AmaliTech/Apprenticeship/labs/jsfullstack/FEM07-Testing-Basics/src/api.js","statementMap":{"0":{"start":{"line":11,"column":25},"end":{"line":11,"column":63}},"1":{"start":{"line":16,"column":4},"end":{"line":16,"column":19}},"2":{"start":{"line":17,"column":4},"end":{"line":17,"column":27}},"3":{"start":{"line":18,"column":4},"end":{"line":18,"column":25}},"4":{"start":{"line":19,"column":4},"end":{"line":19,"column":29}},"5":{"start":{"line":28,"column":4},"end":{"line":28,"column":27}},"6":{"start":{"line":30,"column":4},"end":{"line":30,"column":28}},"7":{"start":{"line":38,"column":16},"end":{"line":38,"column":44}},"8":{"start":{"line":41,"column":4},"end":{"line":43,"column":5}},"9":{"start":{"line":42,"column":6},"end":{"line":42,"column":34}},"10":{"start":{"line":46,"column":4},"end":{"line":53,"column":5}},"11":{"start":{"line":47,"column":6},"end":{"line":47,"column":34}},"12":{"start":{"line":50,"column":6},"end":{"line":52,"column":9}},"13":{"start":{"line":55,"column":4},"end":{"line":60,"column":5}},"14":{"start":{"line":56,"column":6},"end":{"line":59,"column":9}},"15":{"start":{"line":63,"column":4},"end":{"line":69,"column":5}},"16":{"start":{"line":64,"column":6},"end":{"line":64,"column":35}},"17":{"start":{"line":66,"column":6},"end":{"line":68,"column":9}},"18":{"start":{"line":71,"column":4},"end":{"line":71,"column":31}},"19":{"start":{"line":72,"column":4},"end":{"line":72,"column":16}},"20":{"start":{"line":77,"column":4},"end":{"line":90,"column":9}},"21":{"start":{"line":79,"column":8},"end":{"line":84,"column":9}},"22":{"start":{"line":80,"column":10},"end":{"line":83,"column":13}},"23":{"start":{"line":85,"column":8},"end":{"line":85,"column":26}},"24":{"start":{"line":88,"column":8},"end":{"line":88,"column":77}},"25":{"start":{"line":89,"column":8},"end":{"line":89,"column":18}},"26":{"start":{"line":95,"column":4},"end":{"line":100,"column":5}},"27":{"start":{"line":96,"column":6},"end":{"line":96,"column":39}},"28":{"start":{"line":98,"column":6},"end":{"line":98,"column":68}},"29":{"start":{"line":99,"column":6},"end":{"line":99,"column":16}},"30":{"start":{"line":105,"column":4},"end":{"line":110,"column":5}},"31":{"start":{"line":106,"column":6},"end":{"line":106,"column":39}},"32":{"start":{"line":108,"column":6},"end":{"line":108,"column":68}},"33":{"start":{"line":109,"column":6},"end":{"line":109,"column":16}},"34":{"start":{"line":115,"column":4},"end":{"line":120,"column":5}},"35":{"start":{"line":116,"column":6},"end":{"line":116,"column":56}},"36":{"start":{"line":118,"column":6},"end":{"line":118,"column":83}},"37":{"start":{"line":119,"column":6},"end":{"line":119,"column":16}},"38":{"start":{"line":128,"column":4},"end":{"line":133,"column":5}},"39":{"start":{"line":129,"column":29},"end":{"line":129,"column":86}},"40":{"start":{"line":130,"column":6},"end":{"line":130,"column":30}},"41":{"start":{"line":132,"column":6},"end":{"line":132,"column":64}},"42":{"start":{"line":138,"column":4},"end":{"line":138,"column":24}}},"fnMap":{"0":{"name":"(anonymous_0)","decl":{"start":{"line":15,"column":2},"end":{"line":15,"column":3}},"loc":{"start":{"line":15,"column":64},"end":{"line":20,"column":3}},"line":15},"1":{"name":"(anonymous_1)","decl":{"start":{"line":27,"column":2},"end":{"line":27,"column":3}},"loc":{"start":{"line":27,"column":42},"end":{"line":31,"column":3}},"line":27},"2":{"name":"(anonymous_2)","decl":{"start":{"line":37,"column":2},"end":{"line":37,"column":3}},"loc":{"start":{"line":37,"column":23},"end":{"line":73,"column":3}},"line":37},"3":{"name":"(anonymous_3)","decl":{"start":{"line":76,"column":2},"end":{"line":76,"column":3}},"loc":{"start":{"line":76,"column":22},"end":{"line":91,"column":3}},"line":76},"4":{"name":"(anonymous_4)","decl":{"start":{"line":78,"column":12},"end":{"line":78,"column":13}},"loc":{"start":{"line":78,"column":21},"end":{"line":86,"column":7}},"line":78},"5":{"name":"(anonymous_5)","decl":{"start":{"line":87,"column":13},"end":{"line":87,"column":14}},"loc":{"start":{"line":87,"column":22},"end":{"line":90,"column":7}},"line":87},"6":{"name":"(anonymous_6)","decl":{"start":{"line":94,"column":2},"end":{"line":94,"column":3}},"loc":{"start":{"line":94,"column":21},"end":{"line":101,"column":3}},"line":94},"7":{"name":"(anonymous_7)","decl":{"start":{"line":104,"column":2},"end":{"line":104,"column":3}},"loc":{"start":{"line":104,"column":21},"end":{"line":111,"column":3}},"line":104},"8":{"name":"(anonymous_8)","decl":{"start":{"line":114,"column":2},"end":{"line":114,"column":3}},"loc":{"start":{"line":114,"column":31},"end":{"line":121,"column":3}},"line":114},"9":{"name":"(anonymous_9)","decl":{"start":{"line":127,"column":2},"end":{"line":127,"column":3}},"loc":{"start":{"line":127,"column":23},"end":{"line":134,"column":3}},"line":127},"10":{"name":"(anonymous_10)","decl":{"start":{"line":137,"column":2},"end":{"line":137,"column":3}},"loc":{"start":{"line":137,"column":15},"end":{"line":139,"column":3}},"line":137}},"branchMap":{"0":{"loc":{"start":{"line":15,"column":23},"end":{"line":15,"column":62}},"type":"default-arg","locations":[{"start":{"line":15,"column":60},"end":{"line":15,"column":62}}],"line":15},"1":{"loc":{"start":{"line":15,"column":25},"end":{"line":15,"column":38}},"type":"default-arg","locations":[{"start":{"line":15,"column":34},"end":{"line":15,"column":38}}],"line":15},"2":{"loc":{"start":{"line":15,"column":40},"end":{"line":15,"column":55}},"type":"default-arg","locations":[{"start":{"line":15,"column":51},"end":{"line":15,"column":55}}],"line":15},"3":{"loc":{"start":{"line":27,"column":14},"end":{"line":27,"column":40}},"type":"default-arg","locations":[{"start":{"line":27,"column":24},"end":{"line":27,"column":40}}],"line":27},"4":{"loc":{"start":{"line":41,"column":4},"end":{"line":43,"column":5}},"type":"if","locations":[{"start":{"line":41,"column":4},"end":{"line":43,"column":5}},{"start":{},"end":{}}],"line":41},"5":{"loc":{"start":{"line":55,"column":4},"end":{"line":60,"column":5}},"type":"if","locations":[{"start":{"line":55,"column":4},"end":{"line":60,"column":5}},{"start":{},"end":{}}],"line":55},"6":{"loc":{"start":{"line":79,"column":8},"end":{"line":84,"column":9}},"type":"if","locations":[{"start":{"line":79,"column":8},"end":{"line":84,"column":9}},{"start":{},"end":{}}],"line":79}},"s":{"0":2,"1":14,"2":14,"3":14,"4":14,"5":22,"6":22,"7":24,"8":24,"9":1,"10":23,"11":23,"12":4,"13":19,"14":5,"15":14,"16":14,"17":1,"18":13,"19":13,"20":2,"21":2,"22":1,"23":1,"24":1,"25":1,"26":12,"27":12,"28":4,"29":4,"30":6,"31":6,"32":2,"33":2,"34":3,"35":3,"36":1,"37":1,"38":2,"39":2,"40":2,"41":0,"42":1},"f":{"0":14,"1":22,"2":24,"3":2,"4":2,"5":1,"6":12,"7":6,"8":3,"9":2,"10":1},"b":{"0":[2],"1":[7],"2":[2],"3":[0],"4":[1,23],"5":[5,14],"6":[1,1]},"inputSourceMap":null,"_coverageSchema":"1a1c01bbd47fc00a2c39e90264f33305004495a9","hash":"c7f40a24f82c650aa4efaa16c60794c6d3373e4e"}
,"/home/hrh/Documents/AmaliTech/Apprenticeship/labs/jsfullstack/FEM07-Testing-Basics/src/models.js": {"path":"/home/hrh/Documents/AmaliTech/Apprenticeship/labs/jsfullstack/FEM07-Testing-Basics/src/models.js","statementMap":{"0":{"start":{"line":20,"column":4},"end":{"line":20,"column":17}},"1":{"start":{"line":21,"column":4},"end":{"line":21,"column":23}},"2":{"start":{"line":22,"column":4},"end":{"line":22,"column":31}},"3":{"start":{"line":23,"column":4},"end":{"line":23,"column":25}},"4":{"start":{"line":28,"column":4},"end":{"line":28,"column":37}},"5":{"start":{"line":29,"column":4},"end":{"line":29,"column":16}},"6":{"start":{"line":37,"column":4},"end":{"line":37,"column":17}},"7":{"start":{"line":42,"column":4},"end":{"line":42,"column":52}},"8":{"start":{"line":47,"column":4},"end":{"line":47,"column":63}},"9":{"start":{"line":59,"column":4},"end":{"line":59,"column":20}},"10":{"start":{"line":60,"column":4},"end":{"line":60,"column":29}},"11":{"start":{"line":61,"column":4},"end":{"line":61,"column":54}},"12":{"start":{"line":66,"column":4},"end":{"line":66,"column":54}},"13":{"start":{"line":66,"column":41},"end":{"line":66,"column":54}},"14":{"start":{"line":67,"column":4},"end":{"line":67,"column":47}},"15":{"start":{"line":72,"column":17},"end":{"line":72,"column":34}},"16":{"start":{"line":73,"column":4},"end":{"line":73,"column":81}},"17":{"start":{"line":73,"column":26},"end":{"line":73,"column":81}},"18":{"start":{"line":74,"column":4},"end":{"line":74,"column":50}},"19":{"start":{"line":78,"column":16},"end":{"line":78,"column":87}},"20":{"start":{"line":79,"column":4},"end":{"line":79,"column":47}},"21":{"start":{"line":93,"column":4},"end":{"line":93,"column":17}},"22":{"start":{"line":94,"column":4},"end":{"line":94,"column":21}},"23":{"start":{"line":95,"column":4},"end":{"line":95,"column":23}},"24":{"start":{"line":96,"column":4},"end":{"line":96,"column":28}},"25":{"start":{"line":101,"column":4},"end":{"line":101,"column":46}},"26":{"start":{"line":102,"column":4},"end":{"line":102,"column":16}},"27":{"start":{"line":107,"column":4},"end":{"line":107,"column":42}},"28":{"start":{"line":107,"column":33},"end":{"line":107,"column":42}},"29":{"start":{"line":108,"column":27},"end":{"line":108,"column":96}},"30":{"start":{"line":108,"column":60},"end":{"line":108,"column":91}},"31":{"start":{"line":109,"column":4},"end":{"line":109,"column":66}},"32":{"start":{"line":114,"column":4},"end":{"line":114,"column":63}},"33":{"start":{"line":114,"column":36},"end":{"line":114,"column":61}},"34":{"start":{"line":119,"column":4},"end":{"line":119,"column":112}}},"fnMap":{"0":{"name":"(anonymous_0)","decl":{"start":{"line":19,"column":2},"end":{"line":19,"column":3}},"loc":{"start":{"line":19,"column":56},"end":{"line":24,"column":3}},"line":19},"1":{"name":"(anonymous_1)","decl":{"start":{"line":27,"column":2},"end":{"line":27,"column":3}},"loc":{"start":{"line":27,"column":11},"end":{"line":30,"column":3}},"line":27},"2":{"name":"(anonymous_2)","decl":{"start":{"line":36,"column":2},"end":{"line":36,"column":3}},"loc":{"start":{"line":36,"column":14},"end":{"line":38,"column":3}},"line":36},"3":{"name":"(anonymous_3)","decl":{"start":{"line":41,"column":2},"end":{"line":41,"column":3}},"loc":{"start":{"line":41,"column":14},"end":{"line":43,"column":3}},"line":41},"4":{"name":"(anonymous_4)","decl":{"start":{"line":46,"column":2},"end":{"line":46,"column":3}},"loc":{"start":{"line":46,"column":13},"end":{"line":48,"column":3}},"line":46},"5":{"name":"(anonymous_5)","decl":{"start":{"line":58,"column":2},"end":{"line":58,"column":3}},"loc":{"start":{"line":58,"column":68},"end":{"line":62,"column":3}},"line":58},"6":{"name":"(anonymous_6)","decl":{"start":{"line":65,"column":2},"end":{"line":65,"column":3}},"loc":{"start":{"line":65,"column":14},"end":{"line":68,"column":3}},"line":65},"7":{"name":"(anonymous_7)","decl":{"start":{"line":71,"column":2},"end":{"line":71,"column":3}},"loc":{"start":{"line":71,"column":14},"end":{"line":75,"column":3}},"line":71},"8":{"name":"(anonymous_8)","decl":{"start":{"line":77,"column":2},"end":{"line":77,"column":3}},"loc":{"start":{"line":77,"column":13},"end":{"line":80,"column":3}},"line":77},"9":{"name":"(anonymous_9)","decl":{"start":{"line":92,"column":2},"end":{"line":92,"column":3}},"loc":{"start":{"line":92,"column":47},"end":{"line":97,"column":3}},"line":92},"10":{"name":"(anonymous_10)","decl":{"start":{"line":100,"column":2},"end":{"line":100,"column":3}},"loc":{"start":{"line":100,"column":23},"end":{"line":103,"column":3}},"line":100},"11":{"name":"(anonymous_11)","decl":{"start":{"line":106,"column":2},"end":{"line":106,"column":3}},"loc":{"start":{"line":106,"column":22},"end":{"line":110,"column":3}},"line":106},"12":{"name":"(anonymous_12)","decl":{"start":{"line":108,"column":45},"end":{"line":108,"column":46}},"loc":{"start":{"line":108,"column":60},"end":{"line":108,"column":91}},"line":108},"13":{"name":"(anonymous_13)","decl":{"start":{"line":113,"column":2},"end":{"line":113,"column":3}},"loc":{"start":{"line":113,"column":37},"end":{"line":115,"column":3}},"line":113},"14":{"name":"(anonymous_14)","decl":{"start":{"line":114,"column":29},"end":{"line":114,"column":30}},"loc":{"start":{"line":114,"column":36},"end":{"line":114,"column":61}},"line":114},"15":{"name":"(anonymous_15)","decl":{"start":{"line":118,"column":2},"end":{"line":118,"column":3}},"loc":{"start":{"line":118,"column":12},"end":{"line":120,"column":3}},"line":118}},"branchMap":{"0":{"loc":{"start":{"line":19,"column":27},"end":{"line":19,"column":44}},"type":"default-arg","locations":[{"start":{"line":19,"column":39},"end":{"line":19,"column":44}}],"line":19},"1":{"loc":{"start":{"line":42,"column":11},"end":{"line":42,"column":51}},"type":"cond-expr","locations":[{"start":{"line":42,"column":28},"end":{"line":42,"column":39}},{"start":{"line":42,"column":42},"end":{"line":42,"column":51}}],"line":42},"2":{"loc":{"start":{"line":58,"column":16},"end":{"line":58,"column":35}},"type":"default-arg","locations":[{"start":{"line":58,"column":27},"end":{"line":58,"column":35}}],"line":58},"3":{"loc":{"start":{"line":58,"column":37},"end":{"line":58,"column":51}},"type":"default-arg","locations":[{"start":{"line":58,"column":47},"end":{"line":58,"column":51}}],"line":58},"4":{"loc":{"start":{"line":61,"column":19},"end":{"line":61,"column":53}},"type":"cond-expr","locations":[{"start":{"line":61,"column":29},"end":{"line":61,"column":46}},{"start":{"line":61,"column":49},"end":{"line":61,"column":53}}],"line":61},"5":{"loc":{"start":{"line":66,"column":4},"end":{"line":66,"column":54}},"type":"if","locations":[{"start":{"line":66,"column":4},"end":{"line":66,"column":54}},{"start":{},"end":{}}],"line":66},"6":{"loc":{"start":{"line":66,"column":8},"end":{"line":66,"column":39}},"type":"binary-expr","locations":[{"start":{"line":66,"column":8},"end":{"line":66,"column":21}},{"start":{"line":66,"column":25},"end":{"line":66,"column":39}}],"line":66},"7":{"loc":{"start":{"line":73,"column":4},"end":{"line":73,"column":81}},"type":"if","locations":[{"start":{"line":73,"column":4},"end":{"line":73,"column":81}},{"start":{},"end":{}}],"line":73},"8":{"loc":{"start":{"line":78,"column":16},"end":{"line":78,"column":87}},"type":"cond-expr","locations":[{"start":{"line":78,"column":31},"end":{"line":78,"column":71}},{"start":{"line":78,"column":74},"end":{"line":78,"column":87}}],"line":78},"9":{"loc":{"start":{"line":92,"column":33},"end":{"line":92,"column":43}},"type":"default-arg","locations":[{"start":{"line":92,"column":41},"end":{"line":92,"column":43}}],"line":92},"10":{"loc":{"start":{"line":107,"column":4},"end":{"line":107,"column":42}},"type":"if","locations":[{"start":{"line":107,"column":4},"end":{"line":107,"column":42}},{"start":{},"end":{}}],"line":107},"11":{"loc":{"start":{"line":108,"column":60},"end":{"line":108,"column":91}},"type":"cond-expr","locations":[{"start":{"line":108,"column":74},"end":{"line":108,"column":83}},{"start":{"line":108,"column":86},"end":{"line":108,"column":91}}],"line":108},"12":{"loc":{"start":{"line":113,"column":19},"end":{"line":113,"column":35}},"type":"default-arg","locations":[{"start":{"line":113,"column":31},"end":{"line":113,"column":35}}],"line":113}},"s":{"0":178,"1":178,"2":178,"3":178,"4":7,"5":7,"6":19,"7":10,"8":4,"9":71,"10":71,"11":71,"12":23,"13":6,"14":17,"15":6,"16":6,"17":1,"18":5,"19":2,"20":2,"21":22,"22":22,"23":22,"24":22,"25":11,"26":11,"27":8,"28":3,"29":5,"30":9,"31":5,"32":3,"33":5,"34":2},"f":{"0":178,"1":7,"2":19,"3":10,"4":4,"5":71,"6":23,"7":6,"8":2,"9":22,"10":11,"11":8,"12":9,"13":3,"14":5,"15":2},"b":{"0":[59],"1":[1,9],"2":[12],"3":[14],"4":[55,16],"5":[6,17],"6":[23,18],"7":[1,5],"8":[1,1],"9":[16],"10":[3,5],"11":[5,4],"12":[1]},"inputSourceMap":null,"_coverageSchema":"1a1c01bbd47fc00a2c39e90264f33305004495a9","hash":"2cce8e13c9d625d0dff9ef98bb6396d5a78e41ee"}
,"/home/hrh/Documents/AmaliTech/Apprenticeship/labs/jsfullstack/FEM07-Testing-Basics/src/taskProcessor.js": {"path":"/home/hrh/Documents/AmaliTech/Apprenticeship/labs/jsfullstack/FEM07-Testing-Basics/src/taskProcessor.js","statementMap":{"0":{"start":{"line":16,"column":31},"end":{"line":26,"column":4}},"1":{"start":{"line":17,"column":2},"end":{"line":26,"column":4}},"2":{"start":{"line":18,"column":4},"end":{"line":24,"column":5}},"3":{"start":{"line":20,"column":24},"end":{"line":20,"column":37}},"4":{"start":{"line":21,"column":22},"end":{"line":21,"column":76}},"5":{"start":{"line":22,"column":23},"end":{"line":22,"column":78}},"6":{"start":{"line":23,"column":6},"end":{"line":23,"column":83}},"7":{"start":{"line":25,"column":4},"end":{"line":25,"column":54}},"8":{"start":{"line":29,"column":30},"end":{"line":30,"column":54}},"9":{"start":{"line":30,"column":2},"end":{"line":30,"column":54}},"10":{"start":{"line":30,"column":25},"end":{"line":30,"column":53}},"11":{"start":{"line":33,"column":28},"end":{"line":33,"column":93}},"12":{"start":{"line":33,"column":47},"end":{"line":33,"column":93}},"13":{"start":{"line":33,"column":70},"end":{"line":33,"column":92}},"14":{"start":{"line":36,"column":32},"end":{"line":37,"column":52}},"15":{"start":{"line":37,"column":2},"end":{"line":37,"column":52}},"16":{"start":{"line":37,"column":25},"end":{"line":37,"column":51}},"17":{"start":{"line":40,"column":29},"end":{"line":40,"column":82}},"18":{"start":{"line":40,"column":40},"end":{"line":40,"column":82}},"19":{"start":{"line":40,"column":63},"end":{"line":40,"column":81}},"20":{"start":{"line":43,"column":34},"end":{"line":47,"column":1}},"21":{"start":{"line":44,"column":17},"end":{"line":44,"column":43}},"22":{"start":{"line":45,"column":2},"end":{"line":45,"column":33}},"23":{"start":{"line":45,"column":15},"end":{"line":45,"column":33}},"24":{"start":{"line":46,"column":2},"end":{"line":46,"column":75}},"25":{"start":{"line":46,"column":32},"end":{"line":46,"column":73}},"26":{"start":{"line":53,"column":35},"end":{"line":73,"column":1}},"27":{"start":{"line":54,"column":16},"end":{"line":67,"column":3}},"28":{"start":{"line":56,"column":6},"end":{"line":56,"column":21}},"29":{"start":{"line":57,"column":6},"end":{"line":58,"column":28}},"30":{"start":{"line":57,"column":26},"end":{"line":57,"column":45}},"31":{"start":{"line":58,"column":11},"end":{"line":58,"column":28}},"32":{"start":{"line":59,"column":6},"end":{"line":59,"column":47}},"33":{"start":{"line":59,"column":30},"end":{"line":59,"column":47}},"34":{"start":{"line":61,"column":6},"end":{"line":63,"column":7}},"35":{"start":{"line":62,"column":8},"end":{"line":62,"column":95}},"36":{"start":{"line":64,"column":6},"end":{"line":64,"column":17}},"37":{"start":{"line":69,"column":2},"end":{"line":72,"column":4}},"38":{"start":{"line":76,"column":27},"end":{"line":84,"column":1}},"39":{"start":{"line":77,"column":14},"end":{"line":77,"column":23}},"40":{"start":{"line":78,"column":2},"end":{"line":82,"column":3}},"41":{"start":{"line":79,"column":19},"end":{"line":79,"column":45}},"42":{"start":{"line":80,"column":4},"end":{"line":80,"column":22}},"43":{"start":{"line":81,"column":4},"end":{"line":81,"column":33}},"44":{"start":{"line":83,"column":2},"end":{"line":83,"column":13}},"45":{"start":{"line":87,"column":35},"end":{"line":88,"column":80}},"46":{"start":{"line":88,"column":2},"end":{"line":88,"column":80}},"47":{"start":{"line":88,"column":30},"end":{"line":88,"column":55}},"48":{"start":{"line":88,"column":68},"end":{"line":88,"column":78}},"49":{"start":{"line":91,"column":25},"end":{"line":100,"column":1}},"50":{"start":{"line":92,"column":17},"end":{"line":98,"column":4}},"51":{"start":{"line":93,"column":17},"end":{"line":93,"column":27}},"52":{"start":{"line":94,"column":17},"end":{"line":94,"column":27}},"53":{"start":{"line":95,"column":4},"end":{"line":95,"column":57}},"54":{"start":{"line":95,"column":21},"end":{"line":95,"column":57}},"55":{"start":{"line":96,"column":4},"end":{"line":96,"column":57}},"56":{"start":{"line":96,"column":21},"end":{"line":96,"column":57}},"57":{"start":{"line":97,"column":4},"end":{"line":97,"column":13}},"58":{"start":{"line":99,"column":2},"end":{"line":99,"column":16}},"59":{"start":{"line":103,"column":26},"end":{"line":103,"column":75}},"60":{"start":{"line":103,"column":51},"end":{"line":103,"column":74}}},"fnMap":{"0":{"name":"(anonymous_0)","decl":{"start":{"line":16,"column":31},"end":{"line":16,"column":32}},"loc":{"start":{"line":17,"column":2},"end":{"line":26,"column":4}},"line":17},"1":{"name":"(anonymous_1)","decl":{"start":{"line":17,"column":12},"end":{"line":17,"column":13}},"loc":{"start":{"line":17,"column":50},"end":{"line":26,"column":3}},"line":17},"2":{"name":"(anonymous_2)","decl":{"start":{"line":29,"column":30},"end":{"line":29,"column":31}},"loc":{"start":{"line":30,"column":2},"end":{"line":30,"column":54}},"line":30},"3":{"name":"(anonymous_3)","decl":{"start":{"line":30,"column":15},"end":{"line":30,"column":16}},"loc":{"start":{"line":30,"column":25},"end":{"line":30,"column":53}},"line":30},"4":{"name":"(anonymous_4)","decl":{"start":{"line":33,"column":28},"end":{"line":33,"column":29}},"loc":{"start":{"line":33,"column":47},"end":{"line":33,"column":93}},"line":33},"5":{"name":"(anonymous_5)","decl":{"start":{"line":33,"column":60},"end":{"line":33,"column":61}},"loc":{"start":{"line":33,"column":70},"end":{"line":33,"column":92}},"line":33},"6":{"name":"(anonymous_6)","decl":{"start":{"line":36,"column":32},"end":{"line":36,"column":33}},"loc":{"start":{"line":37,"column":2},"end":{"line":37,"column":52}},"line":37},"7":{"name":"(anonymous_7)","decl":{"start":{"line":37,"column":15},"end":{"line":37,"column":16}},"loc":{"start":{"line":37,"column":25},"end":{"line":37,"column":51}},"line":37},"8":{"name":"(anonymous_8)","decl":{"start":{"line":40,"column":29},"end":{"line":40,"column":30}},"loc":{"start":{"line":40,"column":40},"end":{"line":40,"column":82}},"line":40},"9":{"name":"(anonymous_9)","decl":{"start":{"line":40,"column":53},"end":{"line":40,"column":54}},"loc":{"start":{"line":40,"column":63},"end":{"line":40,"column":81}},"line":40},"10":{"name":"(anonymous_10)","decl":{"start":{"line":43,"column":34},"end":{"line":43,"column":35}},"loc":{"start":{"line":43,"column":57},"end":{"line":47,"column":1}},"line":43},"11":{"name":"(anonymous_11)","decl":{"start":{"line":46,"column":22},"end":{"line":46,"column":23}},"loc":{"start":{"line":46,"column":32},"end":{"line":46,"column":73}},"line":46},"12":{"name":"(anonymous_12)","decl":{"start":{"line":53,"column":35},"end":{"line":53,"column":36}},"loc":{"start":{"line":53,"column":46},"end":{"line":73,"column":1}},"line":53},"13":{"name":"(anonymous_13)","decl":{"start":{"line":55,"column":4},"end":{"line":55,"column":5}},"loc":{"start":{"line":55,"column":19},"end":{"line":65,"column":5}},"line":55},"14":{"name":"(anonymous_14)","decl":{"start":{"line":76,"column":27},"end":{"line":76,"column":28}},"loc":{"start":{"line":76,"column":38},"end":{"line":84,"column":1}},"line":76},"15":{"name":"(anonymous_15)","decl":{"start":{"line":87,"column":35},"end":{"line":87,"column":36}},"loc":{"start":{"line":88,"column":2},"end":{"line":88,"column":80}},"line":88},"16":{"name":"(anonymous_16)","decl":{"start":{"line":88,"column":23},"end":{"line":88,"column":24}},"loc":{"start":{"line":88,"column":30},"end":{"line":88,"column":55}},"line":88},"17":{"name":"(anonymous_17)","decl":{"start":{"line":88,"column":61},"end":{"line":88,"column":62}},"loc":{"start":{"line":88,"column":68},"end":{"line":88,"column":78}},"line":88},"18":{"name":"(anonymous_18)","decl":{"start":{"line":91,"column":25},"end":{"line":91,"column":26}},"loc":{"start":{"line":91,"column":75},"end":{"line":100,"column":1}},"line":91},"19":{"name":"(anonymous_19)","decl":{"start":{"line":92,"column":33},"end":{"line":92,"column":34}},"loc":{"start":{"line":92,"column":43},"end":{"line":98,"column":3}},"line":92},"20":{"name":"(anonymous_20)","decl":{"start":{"line":103,"column":26},"end":{"line":103,"column":27}},"loc":{"start":{"line":103,"column":51},"end":{"line":103,"column":74}},"line":103}},"branchMap":{"0":{"loc":{"start":{"line":16,"column":32},"end":{"line":16,"column":42}},"type":"default-arg","locations":[{"start":{"line":16,"column":40},"end":{"line":16,"column":42}}],"line":16},"1":{"loc":{"start":{"line":18,"column":4},"end":{"line":24,"column":5}},"type":"if","locations":[{"start":{"line":18,"column":4},"end":{"line":24,"column":5}},{"start":{},"end":{}}],"line":18},"2":{"loc":{"start":{"line":22,"column":23},"end":{"line":22,"column":78}},"type":"cond-expr","locations":[{"start":{"line":22,"column":38},"end":{"line":22,"column":44}},{"start":{"line":22,"column":47},"end":{"line":22,"column":78}}],"line":22},"3":{"loc":{"start":{"line":22,"column":47},"end":{"line":22,"column":78}},"type":"cond-expr","locations":[{"start":{"line":22,"column":62},"end":{"line":22,"column":70}},{"start":{"line":22,"column":73},"end":{"line":22,"column":78}}],"line":22},"4":{"loc":{"start":{"line":29,"column":38},"end":{"line":29,"column":54}},"type":"default-arg","locations":[{"start":{"line":29,"column":50},"end":{"line":29,"column":54}}],"line":29},"5":{"loc":{"start":{"line":43,"column":42},"end":{"line":43,"column":52}},"type":"default-arg","locations":[{"start":{"line":43,"column":50},"end":{"line":43,"column":52}}],"line":43},"6":{"loc":{"start":{"line":45,"column":2},"end":{"line":45,"column":33}},"type":"if","locations":[{"start":{"line":45,"column":2},"end":{"line":45,"column":33}},{"start":{},"end":{}}],"line":45},"7":{"loc":{"start":{"line":57,"column":6},"end":{"line":58,"column":28}},"type":"if","locations":[{"start":{"line":57,"column":6},"end":{"line":58,"column":28}},{"start":{"line":58,"column":11},"end":{"line":58,"column":28}}],"line":57},"8":{"loc":{"start":{"line":59,"column":6},"end":{"line":59,"column":47}},"type":"if","locations":[{"start":{"line":59,"column":6},"end":{"line":59,"column":47}},{"start":{},"end":{}}],"line":59},"9":{"loc":{"start":{"line":61,"column":6},"end":{"line":63,"column":7}},"type":"if","locations":[{"start":{"line":61,"column":6},"end":{"line":63,"column":7}},{"start":{},"end":{}}],"line":61},"10":{"loc":{"start":{"line":62,"column":48},"end":{"line":62,"column":89}},"type":"binary-expr","locations":[{"start":{"line":62,"column":48},"end":{"line":62,"column":84}},{"start":{"line":62,"column":88},"end":{"line":62,"column":89}}],"line":62},"11":{"loc":{"start":{"line":71,"column":20},"end":{"line":71,"column":93}},"type":"cond-expr","locations":[{"start":{"line":71,"column":40},"end":{"line":71,"column":41}},{"start":{"line":71,"column":44},"end":{"line":71,"column":93}}],"line":71},"12":{"loc":{"start":{"line":79,"column":19},"end":{"line":79,"column":45}},"type":"binary-expr","locations":[{"start":{"line":79,"column":19},"end":{"line":79,"column":39}},{"start":{"line":79,"column":43},"end":{"line":79,"column":45}}],"line":79},"13":{"loc":{"start":{"line":91,"column":33},"end":{"line":91,"column":70}},"type":"default-arg","locations":[{"start":{"line":91,"column":68},"end":{"line":91,"column":70}}],"line":91},"14":{"loc":{"start":{"line":91,"column":35},"end":{"line":91,"column":44}},"type":"default-arg","locations":[{"start":{"line":91,"column":40},"end":{"line":91,"column":44}}],"line":91},"15":{"loc":{"start":{"line":91,"column":46},"end":{"line":91,"column":63}},"type":"default-arg","locations":[{"start":{"line":91,"column":58},"end":{"line":91,"column":63}}],"line":91},"16":{"loc":{"start":{"line":93,"column":17},"end":{"line":93,"column":27}},"type":"binary-expr","locations":[{"start":{"line":93,"column":17},"end":{"line":93,"column":22}},{"start":{"line":93,"column":26},"end":{"line":93,"column":27}}],"line":93},"17":{"loc":{"start":{"line":94,"column":17},"end":{"line":94,"column":27}},"type":"binary-expr","locations":[{"start":{"line":94,"column":17},"end":{"line":94,"column":22}},{"start":{"line":94,"column":26},"end":{"line":94,"column":27}}],"line":94},"18":{"loc":{"start":{"line":95,"column":4},"end":{"line":95,"column":57}},"type":"if","locations":[{"start":{"line":95,"column":4},"end":{"line":95,"column":57}},{"start":{},"end":{}}],"line":95},"19":{"loc":{"start":{"line":95,"column":28},"end":{"line":95,"column":56}},"type":"cond-expr","locations":[{"start":{"line":95,"column":50},"end":{"line":95,"column":52}},{"start":{"line":95,"column":55},"end":{"line":95,"column":56}}],"line":95},"20":{"loc":{"start":{"line":96,"column":4},"end":{"line":96,"column":57}},"type":"if","locations":[{"start":{"line":96,"column":4},"end":{"line":96,"column":57}},{"start":{},"end":{}}],"line":96},"21":{"loc":{"start":{"line":96,"column":28},"end":{"line":96,"column":56}},"type":"cond-expr","locations":[{"start":{"line":96,"column":50},"end":{"line":96,"column":51}},{"start":{"line":96,"column":54},"end":{"line":96,"column":56}}],"line":96},"22":{"loc":{"start":{"line":103,"column":33},"end":{"line":103,"column":45}},"type":"default-arg","locations":[{"start":{"line":103,"column":43},"end":{"line":103,"column":45}}],"line":103}},"s":{"0":3,"1":13,"2":60,"3":28,"4":28,"5":28,"6":28,"7":32,"8":3,"9":6,"10":8,"11":3,"12":3,"13":4,"14":3,"15":3,"16":9,"17":3,"18":4,"19":12,"20":3,"21":7,"22":7,"23":3,"24":4,"25":11,"26":3,"27":7,"28":18,"29":18,"30":5,"31":13,"32":18,"33":2,"34":18,"35":6,"36":18,"37":7,"38":3,"39":7,"40":7,"41":27,"42":27,"43":27,"44":7,"45":3,"46":3,"47":4,"48":3,"49":3,"50":8,"51":19,"52":19,"53":19,"54":10,"55":9,"56":8,"57":1,"58":8,"59":3,"60":3},"f":{"0":13,"1":60,"2":6,"3":8,"4":3,"5":4,"6":3,"7":9,"8":4,"9":12,"10":7,"11":11,"12":7,"13":18,"14":7,"15":3,"16":4,"17":3,"18":8,"19":19,"20":3},"b":{"0":[1],"1":[28,32],"2":[10,18],"3":[8,10],"4":[1],"5":[1],"6":[3,4],"7":[5,13],"8":[2,16],"9":[6,12],"10":[6,5],"11":[1,6],"12":[27,13],"13":[4],"14":[6],"15":[6],"16":[19,1],"17":[19,1],"18":[10,9],"19":[6,4],"20":[8,1],"21":[4,4],"22":[1]},"inputSourceMap":null,"_coverageSchema":"1a1c01bbd47fc00a2c39e90264f33305004495a9","hash":"b5b8b0124fdcff49fae2a28304e40b11fd917c74"}
}
