TN:
SF:api.js
FN:15,(anonymous_0)
FN:27,(anonymous_1)
FN:37,(anonymous_2)
FN:76,(anonymous_3)
FN:78,(anonymous_4)
FN:87,(anonymous_5)
FN:94,(anonymous_6)
FN:104,(anonymous_7)
FN:114,(anonymous_8)
FN:127,(anonymous_9)
FN:137,(anonymous_10)
FNF:11
FNH:11
FNDA:14,(anonymous_0)
FNDA:22,(anonymous_1)
FNDA:24,(anonymous_2)
FNDA:2,(anonymous_3)
FNDA:2,(anonymous_4)
FNDA:1,(anonymous_5)
FNDA:12,(anonymous_6)
FNDA:6,(anonymous_7)
FNDA:3,(anonymous_8)
FNDA:2,(anonymous_9)
FNDA:1,(anonymous_10)
DA:11,2
DA:16,14
DA:17,14
DA:18,14
DA:19,14
DA:28,22
DA:30,22
DA:38,24
DA:41,24
DA:42,1
DA:46,23
DA:47,23
DA:50,4
DA:55,19
DA:56,5
DA:63,14
DA:64,14
DA:66,1
DA:71,13
DA:72,13
DA:77,2
DA:79,2
DA:80,1
DA:85,1
DA:88,1
DA:89,1
DA:95,12
DA:96,12
DA:98,4
DA:99,4
DA:105,6
DA:106,6
DA:108,2
DA:109,2
DA:115,3
DA:116,3
DA:118,1
DA:119,1
DA:128,2
DA:129,2
DA:130,2
DA:132,0
DA:138,1
LF:43
LH:42
BRDA:15,0,0,2
BRDA:15,1,0,7
BRDA:15,2,0,2
BRDA:27,3,0,0
BRDA:41,4,0,1
BRDA:41,4,1,23
BRDA:55,5,0,5
BRDA:55,5,1,14
BRDA:79,6,0,1
BRDA:79,6,1,1
BRF:10
BRH:9
end_of_record
TN:
SF:models.js
FN:19,(anonymous_0)
FN:27,(anonymous_1)
FN:36,(anonymous_2)
FN:41,(anonymous_3)
FN:46,(anonymous_4)
FN:58,(anonymous_5)
FN:65,(anonymous_6)
FN:71,(anonymous_7)
FN:77,(anonymous_8)
FN:92,(anonymous_9)
FN:100,(anonymous_10)
FN:106,(anonymous_11)
FN:108,(anonymous_12)
FN:113,(anonymous_13)
FN:114,(anonymous_14)
FN:118,(anonymous_15)
FNF:16
FNH:16
FNDA:178,(anonymous_0)
FNDA:7,(anonymous_1)
FNDA:19,(anonymous_2)
FNDA:10,(anonymous_3)
FNDA:4,(anonymous_4)
FNDA:71,(anonymous_5)
FNDA:23,(anonymous_6)
FNDA:6,(anonymous_7)
FNDA:2,(anonymous_8)
FNDA:22,(anonymous_9)
FNDA:11,(anonymous_10)
FNDA:8,(anonymous_11)
FNDA:9,(anonymous_12)
FNDA:3,(anonymous_13)
FNDA:5,(anonymous_14)
FNDA:2,(anonymous_15)
DA:20,178
DA:21,178
DA:22,178
DA:23,178
DA:28,7
DA:29,7
DA:37,19
DA:42,10
DA:47,4
DA:59,71
DA:60,71
DA:61,71
DA:66,23
DA:67,17
DA:72,6
DA:73,6
DA:74,5
DA:78,2
DA:79,2
DA:93,22
DA:94,22
DA:95,22
DA:96,22
DA:101,11
DA:102,11
DA:107,8
DA:108,9
DA:109,5
DA:114,5
DA:119,2
LF:30
LH:30
BRDA:19,0,0,59
BRDA:42,1,0,1
BRDA:42,1,1,9
BRDA:58,2,0,12
BRDA:58,3,0,14
BRDA:61,4,0,55
BRDA:61,4,1,16
BRDA:66,5,0,6
BRDA:66,5,1,17
BRDA:66,6,0,23
BRDA:66,6,1,18
BRDA:73,7,0,1
BRDA:73,7,1,5
BRDA:78,8,0,1
BRDA:78,8,1,1
BRDA:92,9,0,16
BRDA:107,10,0,3
BRDA:107,10,1,5
BRDA:108,11,0,5
BRDA:108,11,1,4
BRDA:113,12,0,1
BRF:21
BRH:21
end_of_record
TN:
SF:taskProcessor.js
FN:16,(anonymous_0)
FN:17,(anonymous_1)
FN:29,(anonymous_2)
FN:30,(anonymous_3)
FN:33,(anonymous_4)
FN:33,(anonymous_5)
FN:36,(anonymous_6)
FN:37,(anonymous_7)
FN:40,(anonymous_8)
FN:40,(anonymous_9)
FN:43,(anonymous_10)
FN:46,(anonymous_11)
FN:53,(anonymous_12)
FN:55,(anonymous_13)
FN:76,(anonymous_14)
FN:87,(anonymous_15)
FN:88,(anonymous_16)
FN:88,(anonymous_17)
FN:91,(anonymous_18)
FN:92,(anonymous_19)
FN:103,(anonymous_20)
FNF:21
FNH:21
FNDA:13,(anonymous_0)
FNDA:60,(anonymous_1)
FNDA:6,(anonymous_2)
FNDA:8,(anonymous_3)
FNDA:3,(anonymous_4)
FNDA:4,(anonymous_5)
FNDA:3,(anonymous_6)
FNDA:9,(anonymous_7)
FNDA:4,(anonymous_8)
FNDA:12,(anonymous_9)
FNDA:7,(anonymous_10)
FNDA:11,(anonymous_11)
FNDA:7,(anonymous_12)
FNDA:18,(anonymous_13)
FNDA:7,(anonymous_14)
FNDA:3,(anonymous_15)
FNDA:4,(anonymous_16)
FNDA:3,(anonymous_17)
FNDA:8,(anonymous_18)
FNDA:19,(anonymous_19)
FNDA:3,(anonymous_20)
DA:16,3
DA:17,13
DA:18,60
DA:20,28
DA:21,28
DA:22,28
DA:23,28
DA:25,32
DA:29,3
DA:30,8
DA:33,4
DA:36,3
DA:37,9
DA:40,12
DA:43,3
DA:44,7
DA:45,7
DA:46,11
DA:53,3
DA:54,7
DA:56,18
DA:57,18
DA:58,13
DA:59,18
DA:61,18
DA:62,6
DA:64,18
DA:69,7
DA:76,3
DA:77,7
DA:78,7
DA:79,27
DA:80,27
DA:81,27
DA:83,7
DA:87,3
DA:88,4
DA:91,3
DA:92,8
DA:93,19
DA:94,19
DA:95,19
DA:96,9
DA:97,1
DA:99,8
DA:103,3
LF:46
LH:46
BRDA:16,0,0,1
BRDA:18,1,0,28
BRDA:18,1,1,32
BRDA:22,2,0,10
BRDA:22,2,1,18
BRDA:22,3,0,8
BRDA:22,3,1,10
BRDA:29,4,0,1
BRDA:43,5,0,1
BRDA:45,6,0,3
BRDA:45,6,1,4
BRDA:57,7,0,5
BRDA:57,7,1,13
BRDA:59,8,0,2
BRDA:59,8,1,16
BRDA:61,9,0,6
BRDA:61,9,1,12
BRDA:62,10,0,6
BRDA:62,10,1,5
BRDA:71,11,0,1
BRDA:71,11,1,6
BRDA:79,12,0,27
BRDA:79,12,1,13
BRDA:91,13,0,4
BRDA:91,14,0,6
BRDA:91,15,0,6
BRDA:93,16,0,19
BRDA:93,16,1,1
BRDA:94,17,0,19
BRDA:94,17,1,1
BRDA:95,18,0,10
BRDA:95,18,1,9
BRDA:95,19,0,6
BRDA:95,19,1,4
BRDA:96,20,0,8
BRDA:96,20,1,1
BRDA:96,21,0,4
BRDA:96,21,1,4
BRDA:103,22,0,1
BRF:39
BRH:39
end_of_record
